<?xml version="1.0" encoding="UTF-8"?>
<testsuite name="com.bridgelabz.StateTestCases" tests="1" skipped="0" failures="0" errors="0" timestamp="2019-12-03T12:23:06" hostname="FH400" time="0.411">
  <properties/>
  <testcase name="when_Correct_CSV_File_But_Header_Incorrect_Should_Return_False" classname="com.bridgelabz.StateTestCases" time="0.411"/>
  <system-out><![CDATA[]]></system-out>
  <system-err><![CDATA[]]></system-err>
</testsuite>
