<?xml version="1.0" encoding="UTF-8"?>
<testsuite name="com.bridgelabz.StateTestCases" tests="1" skipped="0" failures="0" errors="0" timestamp="2019-12-07T07:07:44" hostname="FH400" time="0.352">
  <properties/>
  <testcase name="when_Correct_CSV_File_Report_Most_Populous_State_to_Least_One" classname="com.bridgelabz.StateTestCases" time="0.352"/>
  <system-out><![CDATA[]]></system-out>
  <system-err><![CDATA[]]></system-err>
</testsuite>
