<?xml version="1.0" encoding="UTF-8"?>
<testsuite name="com.bridgelabz.StateTestCases" tests="1" skipped="0" failures="0" errors="0" timestamp="2019-11-30T12:00:38" hostname="FH400" time="0.369">
  <properties/>
  <testcase name="when_InCorrect_State_Census_CSV_FileType_Should_Return_False" classname="com.bridgelabz.StateTestCases" time="0.369"/>
  <system-out><![CDATA[29
]]></system-out>
  <system-err><![CDATA[]]></system-err>
</testsuite>
