<?xml version="1.0" encoding="UTF-8"?>
<testsuite name="com.bridgelabz.StateTestCases" tests="1" skipped="0" failures="0" errors="0" timestamp="2019-11-30T10:38:16" hostname="FH400" time="0.334">
  <properties/>
  <testcase name="when_Correct_CSV_File_But_Header_Incorrect_Should_Return_False" classname="com.bridgelabz.StateTestCases" time="0.334"/>
  <system-out><![CDATA[ERROR IN FILE TYPE OR IN FILE DELIMITER OR IN FILE HEADER
]]></system-out>
  <system-err><![CDATA[]]></system-err>
</testsuite>
