<?xml version="1.0" encoding="UTF-8"?>
<testsuite name="com.bridgelabz.StateTestCases" tests="1" skipped="0" failures="0" errors="0" timestamp="2019-12-07T07:21:58" hostname="FH400" time="0.247">
  <properties/>
  <testcase name="when_Correct_CSV_File_Report_Density_Per_Sqs_Kms" classname="com.bridgelabz.StateTestCases" time="0.247"/>
  <system-out><![CDATA[]]></system-out>
  <system-err><![CDATA[]]></system-err>
</testsuite>
