<?xml version="1.0" encoding="UTF-8"?>
<testsuite name="com.bridgelabz.StateTestCases" tests="1" skipped="0" failures="0" errors="0" timestamp="2019-12-03T11:21:31" hostname="FH400" time="0.34">
  <properties/>
  <testcase name="when_Correct_CSV_File_But_Header_Incorrect_Should_Return_False" classname="com.bridgelabz.StateTestCases" time="0.34"/>
  <system-out><![CDATA[Key = Andhra Pradesh, Value = CSVStateCensus{, state='Andhra Pradesh', population='49386799', areaInSqMs='162968', densityPerSqKm='303'}
Key = Arunachal Pradesh, Value = CSVStateCensus{, state='Arunachal Pradesh', population='1382611', areaInSqMs='', densityPerSqKm=''}
Key = Assam, Value = CSVStateCensus{, state='Assam', population='31169272', areaInSqMs='78438', densityPerSqKm='397'}
Key = Bihar, Value = CSVStateCensus{, state='Bihar', population='103804637', areaInSqMs='94163', densityPerSqKm='1102'}
Key = Chattisgarh, Value = CSVStateCensus{, state='Chattisgarh', population='25540196', areaInSqMs='135191', densityPerSqKm='189'}
Key = Goa, Value = CSVStateCensus{, state='Goa', population='1457723', areaInSqMs='3702', densityPerSqKm='394'}
Key = Gujarat, Value = CSVStateCensus{, state='Gujarat', population='60383628', areaInSqMs='196024', densityPerSqKm='308'}
Key = Haryana, Value = CSVStateCensus{, state='Haryana', population='25353081', areaInSqMs='44212', densityPerSqKm='573'}
Key = Himachal Pradesh, Value = CSVStateCensus{, state='Himachal Pradesh', population='6864602', areaInSqMs='55673', densityPerSqKm='123'}
Key = Jammu and Kashmir, Value = CSVStateCensus{, state='Jammu and Kashmir', population='12548926', areaInSqMs='222236', densityPerSqKm='57'}
Key = Jharkhand, Value = CSVStateCensus{, state='Jharkhand', population='32966238', areaInSqMs='79714', densityPerSqKm='414'}
Key = Karnataka, Value = CSVStateCensus{, state='Karnataka', population='61130704', areaInSqMs='191791', densityPerSqKm='319'}
Key = Kerala, Value = CSVStateCensus{, state='Kerala', population='33387677', areaInSqMs='38863', densityPerSqKm='859'}
Key = Madhya Pradesh, Value = CSVStateCensus{, state='Madhya Pradesh', population='72597565', areaInSqMs='308245', densityPerSqKm='236'}
Key = Maharashta, Value = CSVStateCensus{, state='Maharashta', population='112372972', areaInSqMs='307713', densityPerSqKm='365'}
Key = Manipur, Value = CSVStateCensus{, state='Manipur', population='2721756', areaInSqMs='22327', densityPerSqKm='122'}
Key = Meghalaya, Value = CSVStateCensus{, state='Meghalaya', population='2964007', areaInSqMs='22429', densityPerSqKm='132'}
Key = Mizoram, Value = CSVStateCensus{, state='Mizoram', population='1091014', areaInSqMs='21081', densityPerSqKm='52'}
Key = Nagaland, Value = CSVStateCensus{, state='Nagaland', population='1980602', areaInSqMs='16579', densityPerSqKm='119'}
Key = Odisha, Value = CSVStateCensus{, state='Odisha', population='41947358', areaInSqMs='155707', densityPerSqKm='269'}
Key = Punjab, Value = CSVStateCensus{, state='Punjab', population='27704236', areaInSqMs='50362', densityPerSqKm='550'}
Key = Rajasthan, Value = CSVStateCensus{, state='Rajasthan', population='68621012', areaInSqMs='342239', densityPerSqKm='201'}
Key = Sikkim, Value = CSVStateCensus{, state='Sikkim', population='607688', areaInSqMs='7096', densityPerSqKm='86'}
Key = Tamil Nadu, Value = CSVStateCensus{, state='Tamil Nadu', population='72138958', areaInSqMs='130058', densityPerSqKm='555'}
Key = Telangana, Value = CSVStateCensus{, state='Telangana', population='35286757', areaInSqMs='114840', densityPerSqKm='307'}
Key = Tripura, Value = CSVStateCensus{, state='Tripura', population='3671032', areaInSqMs='10486', densityPerSqKm='350'}
Key = Uttar Pradesh, Value = CSVStateCensus{, state='Uttar Pradesh', population='199812341', areaInSqMs='240928', densityPerSqKm='828'}
Key = Uttarakhand, Value = CSVStateCensus{, state='Uttarakhand', population='10116752', areaInSqMs='53483', densityPerSqKm='189'}
Key = West Bengal, Value = CSVStateCensus{, state='West Bengal', population='91347736', areaInSqMs='88752', densityPerSqKm='1029'}
]]></system-out>
  <system-err><![CDATA[]]></system-err>
</testsuite>
